app/build/intermediates/manifest_merge_blame_file/debug/processDebugMainManifest/manifest-merger-blame-debug-report.txt
1<?xml version="1.0" encoding="utf-8"?>
2<manifest xmlns:android="http://schemas.android.com/apk/res/android"
3    package="com.rakshalink"
4    android:versionCode="1"
5    android:versionName="1.0.0" >
6
7    <uses-sdk
8        android:minSdkVersion="26"
9        android:targetSdkVersion="34" />
10
11    <!-- Permissions -->
12    <uses-permission android:name="android.permission.INTERNET" />
12-->src\main\AndroidManifest.xml:6:5-67
12-->src\main\AndroidManifest.xml:6:22-64
13    <uses-permission android:name="android.permission.ACCESS_NETWORK_STATE" />
13-->src\main\AndroidManifest.xml:7:5-79
13-->src\main\AndroidManifest.xml:7:22-76
14    <uses-permission android:name="android.permission.ACCESS_FINE_LOCATION" />
14-->src\main\AndroidManifest.xml:8:5-79
14-->src\main\AndroidManifest.xml:8:22-76
15    <uses-permission android:name="android.permission.ACCESS_COARSE_LOCATION" />
15-->src\main\AndroidManifest.xml:9:5-81
15-->src\main\AndroidManifest.xml:9:22-78
16    <uses-permission android:name="android.permission.ACCESS_BACKGROUND_LOCATION" />
16-->src\main\AndroidManifest.xml:10:5-85
16-->src\main\AndroidManifest.xml:10:22-82
17    <uses-permission android:name="android.permission.RECORD_AUDIO" />
17-->src\main\AndroidManifest.xml:11:5-71
17-->src\main\AndroidManifest.xml:11:22-68
18    <uses-permission android:name="android.permission.CAMERA" />
18-->src\main\AndroidManifest.xml:12:5-65
18-->src\main\AndroidManifest.xml:12:22-62
19
20    <!-- Foreground Service -->
21    <uses-permission android:name="android.permission.FOREGROUND_SERVICE" />
21-->src\main\AndroidManifest.xml:15:5-77
21-->src\main\AndroidManifest.xml:15:22-74
22    <uses-permission android:name="android.permission.FOREGROUND_SERVICE_LOCATION" />
22-->src\main\AndroidManifest.xml:16:5-86
22-->src\main\AndroidManifest.xml:16:22-83
23
24    <!-- Bluetooth LE -->
25    <uses-permission
25-->src\main\AndroidManifest.xml:19:5-95
26        android:name="android.permission.BLUETOOTH"
26-->src\main\AndroidManifest.xml:19:22-65
27        android:maxSdkVersion="30" />
27-->src\main\AndroidManifest.xml:19:66-92
28    <uses-permission
28-->src\main\AndroidManifest.xml:20:5-101
29        android:name="android.permission.BLUETOOTH_ADMIN"
29-->src\main\AndroidManifest.xml:20:22-71
30        android:maxSdkVersion="30" />
30-->src\main\AndroidManifest.xml:20:72-98
31    <uses-permission
31-->src\main\AndroidManifest.xml:21:5-140
32        android:name="android.permission.BLUETOOTH_SCAN"
32-->src\main\AndroidManifest.xml:21:22-70
33        android:usesPermissionFlags="neverForLocation" />
33-->src\main\AndroidManifest.xml:21:71-117
34    <uses-permission android:name="android.permission.BLUETOOTH_CONNECT" />
34-->src\main\AndroidManifest.xml:22:5-76
34-->src\main\AndroidManifest.xml:22:22-73
35
36    <!-- Notifications, Sensors & SMS -->
37    <uses-permission android:name="android.permission.SEND_SMS" />
37-->src\main\AndroidManifest.xml:25:5-67
37-->src\main\AndroidManifest.xml:25:22-64
38    <uses-permission android:name="android.permission.POST_NOTIFICATIONS" />
38-->src\main\AndroidManifest.xml:26:5-77
38-->src\main\AndroidManifest.xml:26:22-74
39    <uses-permission android:name="android.permission.VIBRATE" />
39-->src\main\AndroidManifest.xml:27:5-66
39-->src\main\AndroidManifest.xml:27:22-63
40    <uses-permission android:name="android.permission.WAKE_LOCK" />
40-->src\main\AndroidManifest.xml:28:5-68
40-->src\main\AndroidManifest.xml:28:22-65
41    <uses-permission android:name="android.permission.RECEIVE_BOOT_COMPLETED" />
41-->src\main\AndroidManifest.xml:29:5-81
41-->src\main\AndroidManifest.xml:29:22-78
42    <uses-permission android:name="android.permission.HIGH_SAMPLING_RATE_SENSORS" />
42-->src\main\AndroidManifest.xml:30:5-105
42-->src\main\AndroidManifest.xml:30:22-82
43
44    <uses-feature
44-->[com.google.android.gms:play-services-maps:19.0.0] AndroidManifest.xml:26:5-28:35
45        android:glEsVersion="0x00020000"
45-->[com.google.android.gms:play-services-maps:19.0.0] AndroidManifest.xml:27:9-41
46        android:required="true" />
46-->[com.google.android.gms:play-services-maps:19.0.0] AndroidManifest.xml:28:9-32
47
48    <queries>
48-->[com.google.android.gms:play-services-maps:19.0.0] AndroidManifest.xml:30:5-34:15
49
50        <!-- Needs to be explicitly declared on Android R+ -->
51        <package android:name="com.google.android.apps.maps" />
51-->[com.google.android.gms:play-services-maps:19.0.0] AndroidManifest.xml:33:9-64
51-->[com.google.android.gms:play-services-maps:19.0.0] AndroidManifest.xml:33:18-61
52    </queries> <!-- Required by older versions of Google Play services to create IID tokens -->
53    <uses-permission android:name="com.google.android.c2dm.permission.RECEIVE" />
53-->[com.google.firebase:firebase-messaging:24.1.0] AndroidManifest.xml:26:5-82
53-->[com.google.firebase:firebase-messaging:24.1.0] AndroidManifest.xml:26:22-79
54    <uses-permission android:name="com.google.android.finsky.permission.BIND_GET_INSTALL_REFERRER_SERVICE" />
54-->[com.google.android.gms:play-services-measurement:22.1.2] AndroidManifest.xml:26:5-110
54-->[com.google.android.gms:play-services-measurement:22.1.2] AndroidManifest.xml:26:22-107
55    <uses-permission android:name="com.google.android.gms.permission.AD_ID" />
55-->[com.google.android.gms:play-services-measurement-impl:22.1.2] AndroidManifest.xml:27:5-79
55-->[com.google.android.gms:play-services-measurement-impl:22.1.2] AndroidManifest.xml:27:22-76
56    <uses-permission android:name="android.permission.ACCESS_ADSERVICES_ATTRIBUTION" />
56-->[com.google.android.gms:play-services-measurement-api:22.1.2] AndroidManifest.xml:26:5-88
56-->[com.google.android.gms:play-services-measurement-api:22.1.2] AndroidManifest.xml:26:22-85
57    <uses-permission android:name="android.permission.ACCESS_ADSERVICES_AD_ID" />
57-->[com.google.android.gms:play-services-measurement-api:22.1.2] AndroidManifest.xml:27:5-82
57-->[com.google.android.gms:play-services-measurement-api:22.1.2] AndroidManifest.xml:27:22-79
58
59    <permission
59-->[androidx.core:core:1.13.1] AndroidManifest.xml:22:5-24:47
60        android:name="com.rakshalink.DYNAMIC_RECEIVER_NOT_EXPORTED_PERMISSION"
60-->[androidx.core:core:1.13.1] AndroidManifest.xml:23:9-81
61        android:protectionLevel="signature" />
61-->[androidx.core:core:1.13.1] AndroidManifest.xml:24:9-44
62
63    <uses-permission android:name="com.rakshalink.DYNAMIC_RECEIVER_NOT_EXPORTED_PERMISSION" />
63-->[androidx.core:core:1.13.1] AndroidManifest.xml:26:5-97
63-->[androidx.core:core:1.13.1] AndroidManifest.xml:26:22-94
64
65    <application
65-->src\main\AndroidManifest.xml:32:5-112:19
66        android:name="com.rakshalink.RakshaLinkApp"
66-->src\main\AndroidManifest.xml:33:9-38
67        android:allowBackup="true"
67-->src\main\AndroidManifest.xml:34:9-35
68        android:appComponentFactory="androidx.core.app.CoreComponentFactory"
68-->[androidx.core:core:1.13.1] AndroidManifest.xml:28:18-86
69        android:dataExtractionRules="@xml/data_extraction_rules"
69-->src\main\AndroidManifest.xml:35:9-65
70        android:debuggable="true"
71        android:extractNativeLibs="false"
72        android:fullBackupContent="@xml/backup_rules"
72-->src\main\AndroidManifest.xml:36:9-54
73        android:icon="@mipmap/ic_launcher"
73-->src\main\AndroidManifest.xml:37:9-43
74        android:label="@string/app_name"
74-->src\main\AndroidManifest.xml:38:9-41
75        android:roundIcon="@mipmap/ic_launcher_round"
75-->src\main\AndroidManifest.xml:39:9-54
76        android:supportsRtl="true"
76-->src\main\AndroidManifest.xml:40:9-35
77        android:testOnly="true"
78        android:theme="@style/Theme.RakshaLink" >
78-->src\main\AndroidManifest.xml:41:9-48
79
80        <!-- Google Maps API Key -->
81        <meta-data
82            android:name="com.google.android.geo.API_KEY"
82-->src\main\AndroidManifest.xml:46:13-58
83            android:value="AIzaSyAnjppGTEufhQRSdy4Yr5_w4BGT2Aic_60" />
83-->src\main\AndroidManifest.xml:47:13-51
84
85        <!-- Main Single Activity -->
86        <activity
86-->src\main\AndroidManifest.xml:50:9-69:20
87            android:name="com.rakshalink.MainActivity"
87-->src\main\AndroidManifest.xml:51:13-41
88            android:exported="true"
88-->src\main\AndroidManifest.xml:52:13-36
89            android:launchMode="singleTop"
89-->src\main\AndroidManifest.xml:53:13-43
90            android:theme="@style/Theme.RakshaLink" >
90-->src\main\AndroidManifest.xml:54:13-52
91            <intent-filter>
91-->src\main\AndroidManifest.xml:55:13-58:29
92                <action android:name="android.intent.action.MAIN" />
92-->src\main\AndroidManifest.xml:56:17-69
92-->src\main\AndroidManifest.xml:56:25-66
93
94                <category android:name="android.intent.category.LAUNCHER" />
94-->src\main\AndroidManifest.xml:57:17-77
94-->src\main\AndroidManifest.xml:57:27-74
95            </intent-filter>
96
97            <!-- Deep linking for Emergency Alerts -->
98            <intent-filter>
98-->src\main\AndroidManifest.xml:61:13-68:29
99                <action android:name="android.intent.action.VIEW" />
99-->src\main\AndroidManifest.xml:62:17-69
99-->src\main\AndroidManifest.xml:62:25-66
100
101                <category android:name="android.intent.category.DEFAULT" />
101-->src\main\AndroidManifest.xml:63:17-76
101-->src\main\AndroidManifest.xml:63:27-73
102                <category android:name="android.intent.category.BROWSABLE" />
102-->src\main\AndroidManifest.xml:64:17-78
102-->src\main\AndroidManifest.xml:64:27-75
103
104                <data
104-->src\main\AndroidManifest.xml:65:17-67:51
105                    android:host="alert"
105-->src\main\AndroidManifest.xml:66:21-41
106                    android:scheme="rakshalink" />
106-->src\main\AndroidManifest.xml:67:21-48
107            </intent-filter>
108        </activity>
109
110        <!-- Foreground Services -->
111        <service
111-->src\main\AndroidManifest.xml:72:9-76:56
112            android:name="com.rakshalink.services.LocationForegroundService"
112-->src\main\AndroidManifest.xml:73:13-63
113            android:enabled="true"
113-->src\main\AndroidManifest.xml:74:13-35
114            android:exported="false"
114-->src\main\AndroidManifest.xml:75:13-37
115            android:foregroundServiceType="location" />
115-->src\main\AndroidManifest.xml:76:13-53
116        <service
116-->src\main\AndroidManifest.xml:78:9-81:40
117            android:name="com.rakshalink.services.BleService"
117-->src\main\AndroidManifest.xml:79:13-48
118            android:enabled="true"
118-->src\main\AndroidManifest.xml:80:13-35
119            android:exported="false" />
119-->src\main\AndroidManifest.xml:81:13-37
120        <service
120-->src\main\AndroidManifest.xml:83:9-86:40
121            android:name="com.rakshalink.services.SosService"
121-->src\main\AndroidManifest.xml:84:13-48
122            android:enabled="true"
122-->src\main\AndroidManifest.xml:85:13-35
123            android:exported="false" />
123-->src\main\AndroidManifest.xml:86:13-37
124
125        <!-- FCM Notification Service -->
126        <service
126-->src\main\AndroidManifest.xml:89:9-95:19
127            android:name="com.rakshalink.services.FcmService"
127-->src\main\AndroidManifest.xml:90:13-48
128            android:exported="false" >
128-->src\main\AndroidManifest.xml:91:13-37
129            <intent-filter>
129-->src\main\AndroidManifest.xml:92:13-94:29
130                <action android:name="com.google.firebase.MESSAGING_EVENT" />
130-->src\main\AndroidManifest.xml:93:17-78
130-->src\main\AndroidManifest.xml:93:25-75
131            </intent-filter>
132        </service>
133
134        <!-- Geofence & Boot Receivers -->
135        <receiver
135-->src\main\AndroidManifest.xml:98:9-101:40
136            android:name="com.rakshalink.receivers.GeofenceBroadcastReceiver"
136-->src\main\AndroidManifest.xml:99:13-64
137            android:enabled="true"
137-->src\main\AndroidManifest.xml:100:13-35
138            android:exported="false" />
138-->src\main\AndroidManifest.xml:101:13-37
139        <receiver
139-->src\main\AndroidManifest.xml:103:9-110:20
140            android:name="com.rakshalink.receivers.BootReceiver"
140-->src\main\AndroidManifest.xml:104:13-51
141            android:enabled="true"
141-->src\main\AndroidManifest.xml:105:13-35
142            android:exported="true" >
142-->src\main\AndroidManifest.xml:106:13-36
143            <intent-filter>
143-->src\main\AndroidManifest.xml:107:13-109:29
144                <action android:name="android.intent.action.BOOT_COMPLETED" />
144-->src\main\AndroidManifest.xml:108:17-79
144-->src\main\AndroidManifest.xml:108:25-76
145            </intent-filter>
146        </receiver>
147
148        <provider
148-->[androidx.work:work-runtime:2.9.1] AndroidManifest.xml:29:9-37:20
149            android:name="androidx.startup.InitializationProvider"
149-->[androidx.work:work-runtime:2.9.1] AndroidManifest.xml:30:13-67
150            android:authorities="com.rakshalink.androidx-startup"
150-->[androidx.work:work-runtime:2.9.1] AndroidManifest.xml:31:13-68
151            android:exported="false" >
151-->[androidx.work:work-runtime:2.9.1] AndroidManifest.xml:32:13-37
152            <meta-data
152-->[androidx.work:work-runtime:2.9.1] AndroidManifest.xml:34:13-36:52
153                android:name="androidx.work.WorkManagerInitializer"
153-->[androidx.work:work-runtime:2.9.1] AndroidManifest.xml:35:17-68
154                android:value="androidx.startup" />
154-->[androidx.work:work-runtime:2.9.1] AndroidManifest.xml:36:17-49
155            <meta-data
155-->[androidx.emoji2:emoji2:1.3.0] AndroidManifest.xml:29:13-31:52
156                android:name="androidx.emoji2.text.EmojiCompatInitializer"
156-->[androidx.emoji2:emoji2:1.3.0] AndroidManifest.xml:30:17-75
157                android:value="androidx.startup" />
157-->[androidx.emoji2:emoji2:1.3.0] AndroidManifest.xml:31:17-49
158            <meta-data
158-->[io.github.jan-tennert.supabase:storage-kt-android-debug:3.0.1] AndroidManifest.xml:14:13-16:52
159                android:name="io.github.jan.supabase.storage.SupabaseInitializer"
159-->[io.github.jan-tennert.supabase:storage-kt-android-debug:3.0.1] AndroidManifest.xml:15:17-82
160                android:value="androidx.startup" />
160-->[io.github.jan-tennert.supabase:storage-kt-android-debug:3.0.1] AndroidManifest.xml:16:17-49
161            <meta-data
161-->[io.github.jan-tennert.supabase:auth-kt-android-debug:3.0.1] AndroidManifest.xml:14:13-16:52
162                android:name="io.github.jan.supabase.auth.SupabaseInitializer"
162-->[io.github.jan-tennert.supabase:auth-kt-android-debug:3.0.1] AndroidManifest.xml:15:17-79
163                android:value="androidx.startup" />
163-->[io.github.jan-tennert.supabase:auth-kt-android-debug:3.0.1] AndroidManifest.xml:16:17-49
164            <meta-data
164-->[androidx.lifecycle:lifecycle-process:2.8.7] AndroidManifest.xml:29:13-31:52
165                android:name="androidx.lifecycle.ProcessLifecycleInitializer"
165-->[androidx.lifecycle:lifecycle-process:2.8.7] AndroidManifest.xml:30:17-78
166                android:value="androidx.startup" />
166-->[androidx.lifecycle:lifecycle-process:2.8.7] AndroidManifest.xml:31:17-49
167            <meta-data
167-->[com.russhwolf:multiplatform-settings-no-arg-android-debug:1.2.0] AndroidManifest.xml:29:13-31:52
168                android:name="com.russhwolf.settings.SettingsInitializer"
168-->[com.russhwolf:multiplatform-settings-no-arg-android-debug:1.2.0] AndroidManifest.xml:30:17-74
169                android:value="androidx.startup" />
169-->[com.russhwolf:multiplatform-settings-no-arg-android-debug:1.2.0] AndroidManifest.xml:31:17-49
170            <meta-data
170-->[androidx.profileinstaller:profileinstaller:1.3.1] AndroidManifest.xml:29:13-31:52
171                android:name="androidx.profileinstaller.ProfileInstallerInitializer"
171-->[androidx.profileinstaller:profileinstaller:1.3.1] AndroidManifest.xml:30:17-85
172                android:value="androidx.startup" />
172-->[androidx.profileinstaller:profileinstaller:1.3.1] AndroidManifest.xml:31:17-49
173        </provider>
174
175        <service
175-->[androidx.work:work-runtime:2.9.1] AndroidManifest.xml:39:9-45:35
176            android:name="androidx.work.impl.background.systemalarm.SystemAlarmService"
176-->[androidx.work:work-runtime:2.9.1] AndroidManifest.xml:40:13-88
177            android:directBootAware="false"
177-->[androidx.work:work-runtime:2.9.1] AndroidManifest.xml:41:13-44
178            android:enabled="@bool/enable_system_alarm_service_default"
178-->[androidx.work:work-runtime:2.9.1] AndroidManifest.xml:42:13-72
179            android:exported="false" />
179-->[androidx.work:work-runtime:2.9.1] AndroidManifest.xml:43:13-37
180        <service
180-->[androidx.work:work-runtime:2.9.1] AndroidManifest.xml:46:9-52:35
181            android:name="androidx.work.impl.background.systemjob.SystemJobService"
181-->[androidx.work:work-runtime:2.9.1] AndroidManifest.xml:47:13-84
182            android:directBootAware="false"
182-->[androidx.work:work-runtime:2.9.1] AndroidManifest.xml:48:13-44
183            android:enabled="@bool/enable_system_job_service_default"
183-->[androidx.work:work-runtime:2.9.1] AndroidManifest.xml:49:13-70
184            android:exported="true"
184-->[androidx.work:work-runtime:2.9.1] AndroidManifest.xml:50:13-36
185            android:permission="android.permission.BIND_JOB_SERVICE" />
185-->[androidx.work:work-runtime:2.9.1] AndroidManifest.xml:51:13-69
186        <service
186-->[androidx.work:work-runtime:2.9.1] AndroidManifest.xml:53:9-59:35
187            android:name="androidx.work.impl.foreground.SystemForegroundService"
187-->[androidx.work:work-runtime:2.9.1] AndroidManifest.xml:54:13-81
188            android:directBootAware="false"
188-->[androidx.work:work-runtime:2.9.1] AndroidManifest.xml:55:13-44
189            android:enabled="@bool/enable_system_foreground_service_default"
189-->[androidx.work:work-runtime:2.9.1] AndroidManifest.xml:56:13-77
190            android:exported="false" />
190-->[androidx.work:work-runtime:2.9.1] AndroidManifest.xml:57:13-37
191
192        <receiver
192-->[androidx.work:work-runtime:2.9.1] AndroidManifest.xml:61:9-66:35
193            android:name="androidx.work.impl.utils.ForceStopRunnable$BroadcastReceiver"
193-->[androidx.work:work-runtime:2.9.1] AndroidManifest.xml:62:13-88
194            android:directBootAware="false"
194-->[androidx.work:work-runtime:2.9.1] AndroidManifest.xml:63:13-44
195            android:enabled="true"
195-->[androidx.work:work-runtime:2.9.1] AndroidManifest.xml:64:13-35
196            android:exported="false" />
196-->[androidx.work:work-runtime:2.9.1] AndroidManifest.xml:65:13-37
197        <receiver
197-->[androidx.work:work-runtime:2.9.1] AndroidManifest.xml:67:9-77:20
198            android:name="androidx.work.impl.background.systemalarm.ConstraintProxy$BatteryChargingProxy"
198-->[androidx.work:work-runtime:2.9.1] AndroidManifest.xml:68:13-106
199            android:directBootAware="false"
199-->[androidx.work:work-runtime:2.9.1] AndroidManifest.xml:69:13-44
200            android:enabled="false"
200-->[androidx.work:work-runtime:2.9.1] AndroidManifest.xml:70:13-36
201            android:exported="false" >
201-->[androidx.work:work-runtime:2.9.1] AndroidManifest.xml:71:13-37
202            <intent-filter>
202-->[androidx.work:work-runtime:2.9.1] AndroidManifest.xml:73:13-76:29
203                <action android:name="android.intent.action.ACTION_POWER_CONNECTED" />
203-->[androidx.work:work-runtime:2.9.1] AndroidManifest.xml:74:17-87
203-->[androidx.work:work-runtime:2.9.1] AndroidManifest.xml:74:25-84
204                <action android:name="android.intent.action.ACTION_POWER_DISCONNECTED" />
204-->[androidx.work:work-runtime:2.9.1] AndroidManifest.xml:75:17-90
204-->[androidx.work:work-runtime:2.9.1] AndroidManifest.xml:75:25-87
205            </intent-filter>
206        </receiver>
207        <receiver
207-->[androidx.work:work-runtime:2.9.1] AndroidManifest.xml:78:9-88:20
208            android:name="androidx.work.impl.background.systemalarm.ConstraintProxy$BatteryNotLowProxy"
208-->[androidx.work:work-runtime:2.9.1] AndroidManifest.xml:79:13-104
209            android:directBootAware="false"
209-->[androidx.work:work-runtime:2.9.1] AndroidManifest.xml:80:13-44
210            android:enabled="false"
210-->[androidx.work:work-runtime:2.9.1] AndroidManifest.xml:81:13-36
211            android:exported="false" >
211-->[androidx.work:work-runtime:2.9.1] AndroidManifest.xml:82:13-37
212            <intent-filter>
212-->[androidx.work:work-runtime:2.9.1] AndroidManifest.xml:84:13-87:29
213                <action android:name="android.intent.action.BATTERY_OKAY" />
213-->[androidx.work:work-runtime:2.9.1] AndroidManifest.xml:85:17-77
213-->[androidx.work:work-runtime:2.9.1] AndroidManifest.xml:85:25-74
214                <action android:name="android.intent.action.BATTERY_LOW" />
214-->[androidx.work:work-runtime:2.9.1] AndroidManifest.xml:86:17-76
214-->[androidx.work:work-runtime:2.9.1] AndroidManifest.xml:86:25-73
215            </intent-filter>
216        </receiver>
217        <receiver
217-->[androidx.work:work-runtime:2.9.1] AndroidManifest.xml:89:9-99:20
218            android:name="androidx.work.impl.background.systemalarm.ConstraintProxy$StorageNotLowProxy"
218-->[androidx.work:work-runtime:2.9.1] AndroidManifest.xml:90:13-104
219            android:directBootAware="false"
219-->[androidx.work:work-runtime:2.9.1] AndroidManifest.xml:91:13-44
220            android:enabled="false"
220-->[androidx.work:work-runtime:2.9.1] AndroidManifest.xml:92:13-36
221            android:exported="false" >
221-->[androidx.work:work-runtime:2.9.1] AndroidManifest.xml:93:13-37
222            <intent-filter>
222-->[androidx.work:work-runtime:2.9.1] AndroidManifest.xml:95:13-98:29
223                <action android:name="android.intent.action.DEVICE_STORAGE_LOW" />
223-->[androidx.work:work-runtime:2.9.1] AndroidManifest.xml:96:17-83
223-->[androidx.work:work-runtime:2.9.1] AndroidManifest.xml:96:25-80
224                <action android:name="android.intent.action.DEVICE_STORAGE_OK" />
224-->[androidx.work:work-runtime:2.9.1] AndroidManifest.xml:97:17-82
224-->[androidx.work:work-runtime:2.9.1] AndroidManifest.xml:97:25-79
225            </intent-filter>
226        </receiver>
227        <receiver
227-->[androidx.work:work-runtime:2.9.1] AndroidManifest.xml:100:9-109:20
228            android:name="androidx.work.impl.background.systemalarm.ConstraintProxy$NetworkStateProxy"
228-->[androidx.work:work-runtime:2.9.1] AndroidManifest.xml:101:13-103
229            android:directBootAware="false"
229-->[androidx.work:work-runtime:2.9.1] AndroidManifest.xml:102:13-44
230            android:enabled="false"
230-->[androidx.work:work-runtime:2.9.1] AndroidManifest.xml:103:13-36
231            android:exported="false" >
231-->[androidx.work:work-runtime:2.9.1] AndroidManifest.xml:104:13-37
232            <intent-filter>
232-->[androidx.work:work-runtime:2.9.1] AndroidManifest.xml:106:13-108:29
233                <action android:name="android.net.conn.CONNECTIVITY_CHANGE" />
233-->[androidx.work:work-runtime:2.9.1] AndroidManifest.xml:107:17-79
233-->[androidx.work:work-runtime:2.9.1] AndroidManifest.xml:107:25-76
234            </intent-filter>
235        </receiver>
236        <receiver
236-->[androidx.work:work-runtime:2.9.1] AndroidManifest.xml:110:9-121:20
237            android:name="androidx.work.impl.background.systemalarm.RescheduleReceiver"
237-->[androidx.work:work-runtime:2.9.1] AndroidManifest.xml:111:13-88
238            android:directBootAware="false"
238-->[androidx.work:work-runtime:2.9.1] AndroidManifest.xml:112:13-44
239            android:enabled="false"
239-->[androidx.work:work-runtime:2.9.1] AndroidManifest.xml:113:13-36
240            android:exported="false" >
240-->[androidx.work:work-runtime:2.9.1] AndroidManifest.xml:114:13-37
241            <intent-filter>
241-->[androidx.work:work-runtime:2.9.1] AndroidManifest.xml:116:13-120:29
242                <action android:name="android.intent.action.BOOT_COMPLETED" />
242-->src\main\AndroidManifest.xml:108:17-79
242-->src\main\AndroidManifest.xml:108:25-76
243                <action android:name="android.intent.action.TIME_SET" />
243-->[androidx.work:work-runtime:2.9.1] AndroidManifest.xml:118:17-73
243-->[androidx.work:work-runtime:2.9.1] AndroidManifest.xml:118:25-70
244                <action android:name="android.intent.action.TIMEZONE_CHANGED" />
244-->[androidx.work:work-runtime:2.9.1] AndroidManifest.xml:119:17-81
244-->[androidx.work:work-runtime:2.9.1] AndroidManifest.xml:119:25-78
245            </intent-filter>
246        </receiver>
247        <receiver
247-->[androidx.work:work-runtime:2.9.1] AndroidManifest.xml:122:9-131:20
248            android:name="androidx.work.impl.background.systemalarm.ConstraintProxyUpdateReceiver"
248-->[androidx.work:work-runtime:2.9.1] AndroidManifest.xml:123:13-99
249            android:directBootAware="false"
249-->[androidx.work:work-runtime:2.9.1] AndroidManifest.xml:124:13-44
250            android:enabled="@bool/enable_system_alarm_service_default"
250-->[androidx.work:work-runtime:2.9.1] AndroidManifest.xml:125:13-72
251            android:exported="false" >
251-->[androidx.work:work-runtime:2.9.1] AndroidManifest.xml:126:13-37
252            <intent-filter>
252-->[androidx.work:work-runtime:2.9.1] AndroidManifest.xml:128:13-130:29
253                <action android:name="androidx.work.impl.background.systemalarm.UpdateProxies" />
253-->[androidx.work:work-runtime:2.9.1] AndroidManifest.xml:129:17-98
253-->[androidx.work:work-runtime:2.9.1] AndroidManifest.xml:129:25-95
254            </intent-filter>
255        </receiver>
256        <receiver
256-->[androidx.work:work-runtime:2.9.1] AndroidManifest.xml:132:9-142:20
257            android:name="androidx.work.impl.diagnostics.DiagnosticsReceiver"
257-->[androidx.work:work-runtime:2.9.1] AndroidManifest.xml:133:13-78
258            android:directBootAware="false"
258-->[androidx.work:work-runtime:2.9.1] AndroidManifest.xml:134:13-44
259            android:enabled="true"
259-->[androidx.work:work-runtime:2.9.1] AndroidManifest.xml:135:13-35
260            android:exported="true"
260-->[androidx.work:work-runtime:2.9.1] AndroidManifest.xml:136:13-36
261            android:permission="android.permission.DUMP" >
261-->[androidx.work:work-runtime:2.9.1] AndroidManifest.xml:137:13-57
262            <intent-filter>
262-->[androidx.work:work-runtime:2.9.1] AndroidManifest.xml:139:13-141:29
263                <action android:name="androidx.work.diagnostics.REQUEST_DIAGNOSTICS" />
263-->[androidx.work:work-runtime:2.9.1] AndroidManifest.xml:140:17-88
263-->[androidx.work:work-runtime:2.9.1] AndroidManifest.xml:140:25-85
264            </intent-filter>
265        </receiver> <!-- Needs to be explicitly declared on P+ -->
266        <uses-library
266-->[com.google.android.gms:play-services-maps:19.0.0] AndroidManifest.xml:39:9-41:40
267            android:name="org.apache.http.legacy"
267-->[com.google.android.gms:play-services-maps:19.0.0] AndroidManifest.xml:40:13-50
268            android:required="false" />
268-->[com.google.android.gms:play-services-maps:19.0.0] AndroidManifest.xml:41:13-37
269
270        <service
270-->[androidx.credentials:credentials-play-services-auth:1.3.0] AndroidManifest.xml:24:9-32:19
271            android:name="androidx.credentials.playservices.CredentialProviderMetadataHolder"
271-->[androidx.credentials:credentials-play-services-auth:1.3.0] AndroidManifest.xml:25:13-94
272            android:enabled="true"
272-->[androidx.credentials:credentials-play-services-auth:1.3.0] AndroidManifest.xml:26:13-35
273            android:exported="false" >
273-->[androidx.credentials:credentials-play-services-auth:1.3.0] AndroidManifest.xml:27:13-37
274            <meta-data
274-->[androidx.credentials:credentials-play-services-auth:1.3.0] AndroidManifest.xml:29:13-31:104
275                android:name="androidx.credentials.CREDENTIAL_PROVIDER_KEY"
275-->[androidx.credentials:credentials-play-services-auth:1.3.0] AndroidManifest.xml:30:17-76
276                android:value="androidx.credentials.playservices.CredentialProviderPlayServicesImpl" />
276-->[androidx.credentials:credentials-play-services-auth:1.3.0] AndroidManifest.xml:31:17-101
277        </service>
278
279        <activity
279-->[androidx.credentials:credentials-play-services-auth:1.3.0] AndroidManifest.xml:34:9-41:20
280            android:name="androidx.credentials.playservices.HiddenActivity"
280-->[androidx.credentials:credentials-play-services-auth:1.3.0] AndroidManifest.xml:35:13-76
281            android:configChanges="orientation|screenSize|screenLayout|keyboardHidden"
281-->[androidx.credentials:credentials-play-services-auth:1.3.0] AndroidManifest.xml:36:13-87
282            android:enabled="true"
282-->[androidx.credentials:credentials-play-services-auth:1.3.0] AndroidManifest.xml:37:13-35
283            android:exported="false"
283-->[androidx.credentials:credentials-play-services-auth:1.3.0] AndroidManifest.xml:38:13-37
284            android:fitsSystemWindows="true"
284-->[androidx.credentials:credentials-play-services-auth:1.3.0] AndroidManifest.xml:39:13-45
285            android:theme="@style/Theme.Hidden" >
285-->[androidx.credentials:credentials-play-services-auth:1.3.0] AndroidManifest.xml:40:13-48
286        </activity>
287        <activity
287-->[com.google.android.gms:play-services-auth:21.1.1] AndroidManifest.xml:23:9-27:75
288            android:name="com.google.android.gms.auth.api.signin.internal.SignInHubActivity"
288-->[com.google.android.gms:play-services-auth:21.1.1] AndroidManifest.xml:24:13-93
289            android:excludeFromRecents="true"